2022-05-19 14:28:00,915 INFO  [org.jboss.modules] (main) JBoss Modules version 2.0.2.Final
2022-05-19 14:28:01,147 INFO  [org.jboss.msc] (main) JBoss MSC version 1.4.13.Final
2022-05-19 14:28:01,151 INFO  [org.jboss.threads] (main) JBoss Threads version 2.4.0.Final
2022-05-19 14:28:01,203 INFO  [org.jboss.as] (MSC service thread 1-2) WFLYSRV0049: WildFly Full 26.1.0.Final (WildFly Core 18.1.0.Final) starting
2022-05-19 14:28:01,204 DEBUG [org.jboss.as.config] (MSC service thread 1-2) Configured system properties:
	[Standalone] = 
	file.encoding = UTF-8
	file.separator = /
	ftp.nonProxyHosts = local|*.local|169.254/16|*.169.254/16
	http.nonProxyHosts = local|*.local|169.254/16|*.169.254/16
	java.awt.headless = true
	java.class.path = /Users/alexandreareias/Documents/Dev/School/apirest/target/wildfly-26.1.0.Final/jboss-modules.jar
	java.class.version = 61.0
	java.home = /Users/alexandreareias/.sdkman/candidates/java/17.0.0-zulu/zulu-17.jdk/Contents/Home
	java.io.tmpdir = /var/folders/fc/fk_mnl797_x_thh4rzg7wrgr0000gn/T/
	java.library.path = /Users/alexandreareias/Library/Java/Extensions:/Library/Java/Extensions:/Network/Library/Java/Extensions:/System/Library/Java/Extensions:/usr/lib/java:.
	java.net.preferIPv4Stack = true
	java.runtime.name = OpenJDK Runtime Environment
	java.runtime.version = 17+35-LTS
	java.specification.name = Java Platform API Specification
	java.specification.vendor = Oracle Corporation
	java.specification.version = 17
	java.util.logging.manager = org.jboss.logmanager.LogManager
	java.vendor = Azul Systems, Inc.
	java.vendor.url = http://www.azul.com/
	java.vendor.url.bug = http://www.azul.com/support/
	java.vendor.version = Zulu17.28+13-CA
	java.version = 17
	java.version.date = 2021-09-14
	java.vm.compressedOopsMode = Zero based
	java.vm.info = mixed mode, sharing
	java.vm.name = OpenJDK 64-Bit Server VM
	java.vm.specification.name = Java Virtual Machine Specification
	java.vm.specification.vendor = Oracle Corporation
	java.vm.specification.version = 17
	java.vm.vendor = Azul Systems, Inc.
	java.vm.version = 17+35-LTS
	javax.management.builder.initial = org.jboss.as.jmx.PluggableMBeanServerBuilder
	jboss.home.dir = /Users/alexandreareias/Documents/Dev/School/apirest/target/wildfly-26.1.0.Final
	jboss.host.name = macbook-pro-de-alexandre
	jboss.modules.dir = /Users/alexandreareias/Documents/Dev/School/apirest/target/wildfly-26.1.0.Final/modules
	jboss.modules.system.pkgs = org.jboss.byteman
	jboss.node.name = macbook-pro-de-alexandre
	jboss.qualified.host.name = macbook-pro-de-alexandre.local
	jboss.server.base.dir = /Users/alexandreareias/Documents/Dev/School/apirest/target/wildfly-26.1.0.Final/standalone
	jboss.server.config.dir = /Users/alexandreareias/Documents/Dev/School/apirest/target/wildfly-26.1.0.Final/standalone/configuration
	jboss.server.data.dir = /Users/alexandreareias/Documents/Dev/School/apirest/target/wildfly-26.1.0.Final/standalone/data
	jboss.server.deploy.dir = /Users/alexandreareias/Documents/Dev/School/apirest/target/wildfly-26.1.0.Final/standalone/data/content
	jboss.server.log.dir = /Users/alexandreareias/Documents/Dev/School/apirest/target/wildfly-26.1.0.Final/standalone/log
	jboss.server.name = macbook-pro-de-alexandre
	jboss.server.persist.config = true
	jboss.server.temp.dir = /Users/alexandreareias/Documents/Dev/School/apirest/target/wildfly-26.1.0.Final/standalone/tmp
	jdk.debug = release
	line.separator = 

	logging.configuration = file:/Users/alexandreareias/Documents/Dev/School/apirest/target/wildfly-26.1.0.Final/standalone/configuration/logging.properties
	module.path = /Users/alexandreareias/Documents/Dev/School/apirest/target/wildfly-26.1.0.Final/modules
	native.encoding = UTF-8
	org.jboss.boot.log.file = /Users/alexandreareias/Documents/Dev/School/apirest/target/wildfly-26.1.0.Final/standalone/log/server.log
	org.jboss.resolver.warning = true
	os.arch = aarch64
	os.name = Mac OS X
	os.version = 12.3.1
	path.separator = :
	socksNonProxyHosts = local|*.local|169.254/16|*.169.254/16
	sun.arch.data.model = 64
	sun.boot.library.path = /Users/alexandreareias/.sdkman/candidates/java/17.0.0-zulu/zulu-17.jdk/Contents/Home/lib
	sun.cpu.endian = little
	sun.io.unicode.encoding = UnicodeBig
	sun.java.command = /Users/alexandreareias/Documents/Dev/School/apirest/target/wildfly-26.1.0.Final/jboss-modules.jar -mp /Users/alexandreareias/Documents/Dev/School/apirest/target/wildfly-26.1.0.Final/modules org.jboss.as.standalone
	sun.java.launcher = SUN_STANDARD
	sun.jnu.encoding = UTF-8
	sun.management.compiler = HotSpot 64-Bit Tiered Compilers
	sun.stderr.encoding = UTF-8
	sun.stdout.encoding = UTF-8
	user.country = FR
	user.dir = /Users/alexandreareias/Documents/Dev/School/apirest
	user.home = /Users/alexandreareias
	user.language = en
	user.name = alexandreareias
	user.timezone = Europe/Paris
2022-05-19 14:28:01,205 DEBUG [org.jboss.as.config] (MSC service thread 1-2) VM Arguments: -D[Standalone] -Xms64m -Xmx512m -Djava.net.preferIPv4Stack=true -Djava.awt.headless=true -Djboss.modules.system.pkgs=org.jboss.byteman --add-exports=java.desktop/sun.awt=ALL-UNNAMED --add-exports=java.naming/com.sun.jndi.ldap=ALL-UNNAMED --add-opens=java.base/java.lang=ALL-UNNAMED --add-opens=java.base/java.lang.invoke=ALL-UNNAMED --add-opens=java.base/java.lang.reflect=ALL-UNNAMED --add-opens=java.base/java.io=ALL-UNNAMED --add-opens=java.base/java.security=ALL-UNNAMED --add-opens=java.base/java.util=ALL-UNNAMED --add-opens=java.base/java.util.concurrent=ALL-UNNAMED --add-opens=java.management/javax.management=ALL-UNNAMED --add-opens=java.naming/javax.naming=ALL-UNNAMED --add-modules=java.se -Djboss.home.dir=/Users/alexandreareias/Documents/Dev/School/apirest/target/wildfly-26.1.0.Final -Djboss.server.base.dir=/Users/alexandreareias/Documents/Dev/School/apirest/target/wildfly-26.1.0.Final/standalone -Djboss.server.log.dir=/Users/alexandreareias/Documents/Dev/School/apirest/target/wildfly-26.1.0.Final/standalone/log -Djboss.server.config.dir=/Users/alexandreareias/Documents/Dev/School/apirest/target/wildfly-26.1.0.Final/standalone/configuration -Dorg.jboss.boot.log.file=/Users/alexandreareias/Documents/Dev/School/apirest/target/wildfly-26.1.0.Final/standalone/log/server.log -Dlogging.configuration=file:/Users/alexandreareias/Documents/Dev/School/apirest/target/wildfly-26.1.0.Final/standalone/configuration/logging.properties 
2022-05-19 14:28:01,463 INFO  [org.wildfly.security] (ServerService Thread Pool -- 27) ELY00001: WildFly Elytron version 1.19.0.Final
2022-05-19 14:28:01,686 INFO  [org.jboss.as.server] (Controller Boot Thread) WFLYSRV0039: Creating http management service using socket-binding (management-http)
2022-05-19 14:28:01,694 INFO  [org.xnio] (MSC service thread 1-3) XNIO version 3.8.6.Final
2022-05-19 14:28:01,697 INFO  [org.xnio.nio] (MSC service thread 1-3) XNIO NIO Implementation Version 3.8.6.Final
2022-05-19 14:28:01,706 INFO  [org.jboss.as.jaxrs] (ServerService Thread Pool -- 56) WFLYRS0016: RESTEasy version 4.7.4.Final
2022-05-19 14:28:01,706 INFO  [org.jboss.as.clustering.infinispan] (ServerService Thread Pool -- 54) WFLYCLINF0001: Activating Infinispan subsystem.
2022-05-19 14:28:01,708 WARN  [org.jboss.as.txn] (ServerService Thread Pool -- 74) WFLYTX0013: The node-identifier attribute on the /subsystem=transactions is set to the default value. This is a danger for environments running multiple servers. Please make sure the attribute value is unique.
2022-05-19 14:28:01,709 INFO  [org.wildfly.extension.health] (ServerService Thread Pool -- 53) WFLYHEALTH0001: Activating Base Health Subsystem
2022-05-19 14:28:01,709 INFO  [org.wildfly.extension.microprofile.jwt.smallrye] (ServerService Thread Pool -- 65) WFLYJWT0001: Activating MicroProfile JWT Subsystem
2022-05-19 14:28:01,710 INFO  [org.wildfly.extension.elytron.oidc._private] (ServerService Thread Pool -- 52) WFLYOIDC0001: Activating WildFly Elytron OIDC Subsystem
2022-05-19 14:28:01,710 INFO  [org.wildfly.extension.io] (ServerService Thread Pool -- 55) WFLYIO001: Worker 'default' has auto-configured to 20 IO threads with 160 max task threads based on your 10 available processors
2022-05-19 14:28:01,710 INFO  [org.wildfly.extension.microprofile.config.smallrye] (ServerService Thread Pool -- 64) WFLYCONF0001: Activating MicroProfile Config Subsystem
2022-05-19 14:28:01,713 INFO  [org.jboss.as.naming] (ServerService Thread Pool -- 67) WFLYNAM0001: Activating Naming Subsystem
2022-05-19 14:28:01,715 INFO  [org.wildfly.extension.microprofile.opentracing] (ServerService Thread Pool -- 66) WFLYTRACEXT0001: Activating MicroProfile OpenTracing Subsystem
2022-05-19 14:28:01,715 INFO  [org.jboss.as.webservices] (ServerService Thread Pool -- 76) WFLYWS0002: Activating WebServices Extension
2022-05-19 14:28:01,720 INFO  [org.jboss.as.jsf] (ServerService Thread Pool -- 61) WFLYJSF0007: Activated the following Jakarta Server Faces Implementations: [main]
2022-05-19 14:28:01,721 INFO  [org.wildfly.extension.metrics] (ServerService Thread Pool -- 63) WFLYMETRICS0001: Activating Base Metrics Subsystem
2022-05-19 14:28:01,725 INFO  [org.jboss.as.connector] (MSC service thread 1-7) WFLYJCA0009: Starting Jakarta Connectors Subsystem (WildFly/IronJacamar 1.5.3.Final)
2022-05-19 14:28:01,736 INFO  [org.jboss.as.naming] (MSC service thread 1-8) WFLYNAM0003: Starting Naming Service
2022-05-19 14:28:01,737 INFO  [org.jboss.as.connector.subsystems.datasources] (ServerService Thread Pool -- 44) WFLYJCA0004: Deploying JDBC-compliant driver class org.h2.Driver (version 1.4)
2022-05-19 14:28:01,737 INFO  [org.jboss.as.mail.extension] (MSC service thread 1-8) WFLYMAIL0001: Bound mail session [java:jboss/mail/Default]
2022-05-19 14:28:01,737 INFO  [org.wildfly.extension.undertow] (MSC service thread 1-4) WFLYUT0003: Undertow 2.2.16.Final starting
2022-05-19 14:28:01,738 INFO  [org.jboss.as.connector.deployers.jdbc] (MSC service thread 1-8) WFLYJCA0018: Started Driver service with driver-name = h2
2022-05-19 14:28:01,744 INFO  [org.jboss.remoting] (MSC service thread 1-7) JBoss Remoting version 5.0.24.Final
2022-05-19 14:28:01,753 WARN  [org.wildfly.extension.elytron] (MSC service thread 1-5) WFLYELY00023: KeyStore file '/Users/alexandreareias/Documents/Dev/School/apirest/target/wildfly-26.1.0.Final/standalone/configuration/application.keystore' does not exist. Used blank.
2022-05-19 14:28:01,759 WARN  [org.wildfly.extension.elytron] (MSC service thread 1-2) WFLYELY01084: KeyStore /Users/alexandreareias/Documents/Dev/School/apirest/target/wildfly-26.1.0.Final/standalone/configuration/application.keystore not found, it will be auto generated on first use with a self-signed certificate for host localhost
2022-05-19 14:28:01,771 INFO  [org.wildfly.extension.undertow] (ServerService Thread Pool -- 75) WFLYUT0014: Creating file handler for path '/Users/alexandreareias/Documents/Dev/School/apirest/target/wildfly-26.1.0.Final/welcome-content' with options [directory-listing: 'false', follow-symlink: 'false', case-sensitive: 'true', safe-symlink-paths: '[]']
2022-05-19 14:28:01,778 INFO  [org.wildfly.extension.undertow] (MSC service thread 1-8) WFLYUT0012: Started server default-server.
2022-05-19 14:28:01,779 INFO  [org.wildfly.extension.undertow] (MSC service thread 1-4) Queuing requests.
2022-05-19 14:28:01,779 INFO  [org.wildfly.extension.undertow] (MSC service thread 1-4) WFLYUT0018: Host default-host starting
2022-05-19 14:28:01,784 INFO  [org.jboss.as.ejb3] (MSC service thread 1-2) WFLYEJB0481: Strict pool slsb-strict-max-pool is using a max instance size of 160 (per class), which is derived from thread worker pool sizing.
2022-05-19 14:28:01,784 INFO  [org.jboss.as.ejb3] (MSC service thread 1-7) WFLYEJB0482: Strict pool mdb-strict-max-pool is using a max instance size of 40 (per class), which is derived from the number of CPUs on this host.
2022-05-19 14:28:01,800 INFO  [org.wildfly.extension.undertow] (MSC service thread 1-8) WFLYUT0006: Undertow HTTP listener default listening on 127.0.0.1:8080
2022-05-19 14:28:01,822 INFO  [org.jboss.as.ejb3] (MSC service thread 1-6) WFLYEJB0493: Jakarta Enterprise Beans subsystem suspension complete
2022-05-19 14:28:01,838 INFO  [org.wildfly.extension.undertow] (MSC service thread 1-6) WFLYUT0006: Undertow HTTPS listener https listening on 127.0.0.1:8443
2022-05-19 14:28:01,849 INFO  [org.jboss.as.connector.subsystems.datasources] (MSC service thread 1-8) WFLYJCA0001: Bound data source [java:jboss/datasources/ExampleDS]
2022-05-19 14:28:01,928 INFO  [org.jboss.as.patching] (MSC service thread 1-8) WFLYPAT0050: WildFly Full cumulative patch ID is: base, one-off patches include: none
